\BOOKMARK [0][-]{chapter.1}{\376\377\000A\000b\000o\000u\000t\000\040\000a\000b\000I\000C\000S}{}% 1
\BOOKMARK [1][-]{section.1.1}{\376\377\000W\000h\000a\000t\000\040\000i\000s\000\040\000a\000b\000I\000C\000S\000\040\000?}{chapter.1}% 2
\BOOKMARK [1][-]{section.1.2}{\376\377\000D\000e\000v\000e\000l\000o\000p\000e\000r\000s}{chapter.1}% 3
\BOOKMARK [1][-]{section.1.3}{\376\377\000V\000e\000r\000s\000i\000o\000n\000\040\000i\000n\000f\000o\000r\000m\000a\000t\000i\000o\000n}{chapter.1}% 4
\BOOKMARK [1][-]{section.1.4}{\376\377\000L\000i\000c\000e\000n\000s\000e}{chapter.1}% 5
\BOOKMARK [1][-]{section.1.5}{\376\377\000C\000o\000p\000y\000r\000i\000g\000h\000t}{chapter.1}% 6
\BOOKMARK [0][-]{chapter.2}{\376\377\000I\000n\000s\000t\000a\000l\000l}{}% 7
\BOOKMARK [1][-]{section.2.1}{\376\377\000D\000o\000w\000n\000l\000o\000a\000d}{chapter.2}% 8
\BOOKMARK [1][-]{section.2.2}{\376\377\000P\000r\000e\000r\000e\000q\000u\000i\000s\000i\000t\000e\000s}{chapter.2}% 9
\BOOKMARK [1][-]{section.2.3}{\376\377\000D\000i\000r\000e\000c\000t\000o\000r\000y\000\040\000s\000t\000r\000u\000c\000t\000u\000r\000e}{chapter.2}% 10
\BOOKMARK [1][-]{section.2.4}{\376\377\000I\000n\000s\000t\000a\000l\000l}{chapter.2}% 11
\BOOKMARK [0][-]{chapter.3}{\376\377\000U\000s\000a\000g\000e}{}% 12
\BOOKMARK [1][-]{section.3.1}{\376\377\000B\000a\000s\000i\000c\000\040\000u\000s\000a\000g\000e}{chapter.3}% 13
\BOOKMARK [0][-]{chapter.4}{\376\377\000F\000i\000l\000e\000\040\000F\000o\000r\000m\000a\000t}{}% 14
\BOOKMARK [1][-]{section.4.1}{\376\377\000[\000r\000e\000p\000l\000i\000c\000a\000]\000\040\000s\000e\000c\000t\000i\000o\000n}{chapter.4}% 15
\BOOKMARK [1][-]{section.4.2}{\376\377\000[\000s\000o\000l\000v\000e\000r\000]\000\040\000s\000e\000c\000t\000i\000o\000n}{chapter.4}% 16
\BOOKMARK [1][-]{section.4.3}{\376\377\000[\000o\000b\000s\000e\000r\000v\000e\000r\000]\000\040\000s\000e\000c\000t\000i\000o\000n}{chapter.4}% 17
\BOOKMARK [1][-]{section.4.4}{\376\377\000[\000c\000o\000n\000f\000i\000g\000]\000\040\000s\000e\000c\000t\000i\000o\000n}{chapter.4}% 18
\BOOKMARK [0][-]{chapter.5}{\376\377\000R\000e\000f\000e\000r\000e\000n\000c\000e\000s}{}% 19
\BOOKMARK [0][-]{chapter.6}{\376\377\000A\000c\000k\000n\000o\000w\000l\000e\000d\000g\000e\000m\000e\000n\000t}{}% 20
\BOOKMARK [0][-]{chapter.7}{\376\377\000C\000o\000n\000t\000a\000c\000t\000s}{}% 21
\BOOKMARK [0][-]{chapter.8}{\376\377\000I\000n\000d\000i\000c\000e\000s\000\040\000a\000n\000d\000\040\000t\000a\000b\000l\000e\000s}{}% 22
