\BOOKMARK [0][-]{chapter.1}{abICS とは？}{}% 1
\BOOKMARK [1][-]{section.1.1}{概要}{chapter.1}% 2
\BOOKMARK [1][-]{section.1.2}{開発者}{chapter.1}% 3
\BOOKMARK [1][-]{section.1.3}{バージョン履歴}{chapter.1}% 4
\BOOKMARK [1][-]{section.1.4}{ライセンス}{chapter.1}% 5
\BOOKMARK [1][-]{section.1.5}{コピーライト}{chapter.1}% 6
\BOOKMARK [0][-]{chapter.2}{インストール方法}{}% 7
\BOOKMARK [1][-]{section.2.1}{ダウンロード}{chapter.2}% 8
\BOOKMARK [1][-]{section.2.2}{必要なライブラリ・環境}{chapter.2}% 9
\BOOKMARK [1][-]{section.2.3}{ディレクトリ構成}{chapter.2}% 10
\BOOKMARK [1][-]{section.2.4}{インストール}{chapter.2}% 11
\BOOKMARK [0][-]{chapter.3}{使用方法}{}% 12
\BOOKMARK [1][-]{section.3.1}{概要}{chapter.3}% 13
\BOOKMARK [0][-]{chapter.4}{ファイルフォーマット}{}% 14
\BOOKMARK [1][-]{section.4.1}{[replica] セクション}{chapter.4}% 15
\BOOKMARK [1][-]{section.4.2}{[solver] セクション}{chapter.4}% 16
\BOOKMARK [1][-]{section.4.3}{[observer] セクション}{chapter.4}% 17
\BOOKMARK [1][-]{section.4.4}{[config] セクション}{chapter.4}% 18
\BOOKMARK [0][-]{chapter.5}{アルゴリズム}{}% 19
\BOOKMARK [0][-]{chapter.6}{謝辞}{}% 20
\BOOKMARK [0][-]{chapter.7}{お問い合わせ}{}% 21
